[debug] [2019-06-01T17:12:07.476Z] ----------------------------------------------------------------------
[debug] [2019-06-01T17:12:07.481Z] Command:       C:\Program Files\nodejs\node.exe C:\Users\imado\AppData\Roaming\npm\node_modules\firebase-tools\lib\bin\firebase.js deploy --only functions:masive_notifications
[debug] [2019-06-01T17:12:07.481Z] CLI Version:   6.10.0
[debug] [2019-06-01T17:12:07.482Z] Platform:      win32
[debug] [2019-06-01T17:12:07.482Z] Node Version:  v11.9.0
[debug] [2019-06-01T17:12:07.484Z] Time:          Sat Jun 01 2019 11:12:07 GMT-0600 (Central Standard Time)
[debug] [2019-06-01T17:12:07.484Z] ----------------------------------------------------------------------
[debug] 
[debug] [2019-06-01T17:12:07.508Z] > command requires scopes: ["email","openid","https://www.googleapis.com/auth/cloudplatformprojects.readonly","https://www.googleapis.com/auth/firebase","https://www.googleapis.com/auth/cloud-platform"]
[debug] [2019-06-01T17:12:07.508Z] > authorizing via signed-in user
[debug] [2019-06-01T17:12:07.509Z] [iam] checking project taxiapp-sinewave for permissions ["cloudfunctions.functions.create","cloudfunctions.functions.delete","cloudfunctions.functions.get","cloudfunctions.functions.list","cloudfunctions.functions.update","cloudfunctions.operations.get","firebase.projects.get"]
[debug] [2019-06-01T17:12:07.511Z] > refreshing access token with scopes: ["email","https://www.googleapis.com/auth/cloud-platform","https://www.googleapis.com/auth/cloudplatformprojects.readonly","https://www.googleapis.com/auth/firebase","openid"]
[debug] [2019-06-01T17:12:07.512Z] >>> HTTP REQUEST POST https://www.googleapis.com/oauth2/v3/token  
 <request body omitted>
[debug] [2019-06-01T17:12:07.928Z] <<< HTTP RESPONSE 200
[debug] [2019-06-01T17:12:07.946Z] >>> HTTP REQUEST POST https://cloudresourcemanager.googleapis.com/v1/projects/taxiapp-sinewave:testIamPermissions  

[debug] [2019-06-01T17:12:08.409Z] <<< HTTP RESPONSE 200
[info] 
[info] === Deploying to 'taxiapp-sinewave'...
[info] 
[info] i  deploying functions
[debug] [2019-06-01T17:12:12.555Z] > [functions] package.json contents: {
  "name": "functions",
  "description": "Cloud Functions for Firebase",
  "scripts": {
    "serve": "firebase serve --only functions",
    "shell": "firebase functions:shell",
    "start": "npm run shell",
    "deploy": "firebase deploy --only functions",
    "logs": "firebase functions:log"
  },
  "dependencies": {
    "body-parser": "^1.18.3",
    "express": "^4.16.4",
    "firebase-admin": "~7.0.0",
    "firebase-functions": "^2.2.0",
    "node-fetch": "^2.6.0"
  },
  "private": true,
  "engines": {
    "node": "6"
  }
}
[info] i  functions: ensuring necessary APIs are enabled...
[debug] [2019-06-01T17:12:12.558Z] >>> HTTP REQUEST GET https://servicemanagement.googleapis.com/v1/services/cloudfunctions.googleapis.com/projectSettings/taxiapp-sinewave?view=CONSUMER_VIEW  
 
[debug] [2019-06-01T17:12:12.559Z] >>> HTTP REQUEST GET https://servicemanagement.googleapis.com/v1/services/runtimeconfig.googleapis.com/projectSettings/taxiapp-sinewave?view=CONSUMER_VIEW  
 
[debug] [2019-06-01T17:12:13.575Z] <<< HTTP RESPONSE 200
[debug] [2019-06-01T17:12:13.900Z] <<< HTTP RESPONSE 200
[info] +  functions: all necessary APIs are enabled
[debug] [2019-06-01T17:12:13.903Z] >>> HTTP REQUEST GET https://cloudresourcemanager.googleapis.com/v1/projects/taxiapp-sinewave  
 
[debug] [2019-06-01T17:12:14.191Z] <<< HTTP RESPONSE 200
[debug] [2019-06-01T17:12:14.193Z] >>> HTTP REQUEST GET https://mobilesdk-pa.googleapis.com/v1/projects/503391985374:getServerAppConfig  
 
[debug] [2019-06-01T17:12:14.692Z] <<< HTTP RESPONSE 200
[info] i  functions: preparing functions directory for uploading...
[warn] !  functions: Deploying functions to Node 6 runtime, which is deprecated. Node 8 is available and is the recommended runtime.
[debug] [2019-06-01T17:12:14.700Z] >>> HTTP REQUEST GET https://runtimeconfig.googleapis.com/v1beta1/projects/taxiapp-sinewave/configs  
 
[debug] [2019-06-01T17:12:15.033Z] <<< HTTP RESPONSE 200
[info] i  functions: packaged functions (34.26 KB) for uploading
[debug] [2019-06-01T17:12:16.045Z] >>> HTTP REQUEST POST https://cloudfunctions.googleapis.com/v1/projects/taxiapp-sinewave/locations/us-central1/functions:generateUploadUrl  
 
[debug] [2019-06-01T17:12:16.935Z] <<< HTTP RESPONSE 200
[debug] [2019-06-01T17:12:16.938Z] >>> HTTP REQUEST PUT https://storage.googleapis.com/gcf-upload-us-central1-6f0a89ac-75e9-4e93-b06e-ea394852b270/0755875d-64ac-4d2e-9ba6-9fda1ed49a03.zip?GoogleAccessId=service-503391985374@gcf-admin-robot.iam.gserviceaccount.com&Expires=1559410937&Signature=Giyw0uisQCfpcjSTJD2jFqIIxO3i8GvrtzpjSKBG7id0JpWObmot0HdcArFySTCSfCQZv%2B2vK6G5YTdmpMbEZK7nfUW75GFoHYFqGFssKtnn%2FS0D2zvCj7eW%2B0TvPwu5ROwXy6AszJqf2zGRdxd%2Fdn2wMpjaJC58%2BCbo0EmTdn9dyk5R%2Bc32fOuBnrf6ZX9%2FQLPxO0hNV2c0Am0q%2Fms1iUDHXynRApqziDnYLDhyI1lk2QHUDB0aGkaH3p9a0PKylUqiN20wHhlLcvL9s29cV8umkw4uHCoJjgxg74EzXSaPIGKiA3DLw%2B9Y4sz8xkuPgfYQRD6tfLRCdWry8hMNfQ%3D%3D  

[debug] [2019-06-01T17:12:17.986Z] <<< HTTP RESPONSE 200
[info] +  functions: functions folder uploaded successfully
[debug] [2019-06-01T17:12:17.999Z] >>> HTTP REQUEST GET https://cloudfunctions.googleapis.com/v1/projects/taxiapp-sinewave/locations/-/functions  
 
[debug] [2019-06-01T17:12:18.782Z] <<< HTTP RESPONSE 200
[debug] [2019-06-01T17:12:18.788Z] > [functions] filtering triggers to: [
  "projects/taxiapp-sinewave/locations/us-central1/functions/masive_notifications"
]
[info] i  functions: current functions in project: confirm_quote(us-central1), custom_marker_reference(us-central1), download_url_generator(us-central1), location(us-central1), masive_notifications(us-central1), operator_notification(us-central1)
[info] i  functions: uploading functions in project: masive_notifications(us-central1)
[info] i  functions: updating Node.js 6 (Deprecated) function masive_notifications(us-central1)...
[debug] [2019-06-01T17:12:18.802Z] Trigger is:  {"eventTrigger":{"resource":"projects/taxiapp-sinewave/databases/(default)/documents/Ads/{uid}","eventType":"providers/cloud.firestore/eventTypes/document.create","service":"firestore.googleapis.com"}}
[debug] [2019-06-01T17:12:18.809Z] >>> HTTP REQUEST GET https://servicemanagement.googleapis.com/v1/services/cloudscheduler.googleapis.com/projectSettings/taxiapp-sinewave?view=CONSUMER_VIEW  
 
[debug] [2019-06-01T17:12:19.917Z] <<< HTTP RESPONSE 200
[debug] [2019-06-01T17:12:19.932Z] >>> HTTP REQUEST PATCH https://cloudfunctions.googleapis.com/v1/projects/taxiapp-sinewave/locations/us-central1/functions/masive_notifications {"updateMask":"sourceUploadUrl,name,labels,runtime,eventTrigger.resource,eventTrigger.eventType,eventTrigger.service"} 

[debug] [2019-06-01T17:12:20.828Z] <<< HTTP RESPONSE 200
[debug] [2019-06-01T17:12:20.836Z] >>> HTTP REQUEST GET https://cloudfunctions.googleapis.com/v1/operations/dGF4aWFwcC1zaW5ld2F2ZS91cy1jZW50cmFsMS9tYXNpdmVfbm90aWZpY2F0aW9ucy9tT1RpdllTX0VDNA  
 
[debug] [2019-06-01T17:12:21.438Z] <<< HTTP RESPONSE 200
[debug] [2019-06-01T17:12:23.445Z] >>> HTTP REQUEST GET https://cloudfunctions.googleapis.com/v1/operations/dGF4aWFwcC1zaW5ld2F2ZS91cy1jZW50cmFsMS9tYXNpdmVfbm90aWZpY2F0aW9ucy9tT1RpdllTX0VDNA  
 
[debug] [2019-06-01T17:12:23.998Z] <<< HTTP RESPONSE 200
[debug] [2019-06-01T17:12:26.003Z] >>> HTTP REQUEST GET https://cloudfunctions.googleapis.com/v1/operations/dGF4aWFwcC1zaW5ld2F2ZS91cy1jZW50cmFsMS9tYXNpdmVfbm90aWZpY2F0aW9ucy9tT1RpdllTX0VDNA  
 
[debug] [2019-06-01T17:12:26.558Z] <<< HTTP RESPONSE 200
[debug] [2019-06-01T17:12:28.560Z] >>> HTTP REQUEST GET https://cloudfunctions.googleapis.com/v1/operations/dGF4aWFwcC1zaW5ld2F2ZS91cy1jZW50cmFsMS9tYXNpdmVfbm90aWZpY2F0aW9ucy9tT1RpdllTX0VDNA  
 
[debug] [2019-06-01T17:12:29.120Z] <<< HTTP RESPONSE 200
[debug] [2019-06-01T17:12:31.121Z] >>> HTTP REQUEST GET https://cloudfunctions.googleapis.com/v1/operations/dGF4aWFwcC1zaW5ld2F2ZS91cy1jZW50cmFsMS9tYXNpdmVfbm90aWZpY2F0aW9ucy9tT1RpdllTX0VDNA  
 
[debug] [2019-06-01T17:12:31.680Z] <<< HTTP RESPONSE 200
